{"C:\\Users\\hmncube\\Documents\\code\\MyWeather\\App\\util\\ConvertTime.ts": {"path":"C:\\Users\\hmncube\\Documents\\code\\MyWeather\\App\\util\\ConvertTime.ts","statementMap":{"0":{"start":{"line":1,"column":20},"end":{"line":4,"column":1}},"1":{"start":{"line":2,"column":15},"end":{"line":2,"column":36}},"2":{"start":{"line":3,"column":2},"end":{"line":3,"column":31}}},"fnMap":{"0":{"name":"(anonymous_0)","decl":{"start":{"line":1,"column":20},"end":{"line":1,"column":21}},"loc":{"start":{"line":1,"column":38},"end":{"line":4,"column":1}},"line":1}},"branchMap":{},"s":{"0":1,"1":1,"2":1},"f":{"0":1},"b":{},"_coverageSchema":"1a1c01bbd47fc00a2c39e90264f33305004495a9","hash":"56e223461cee2d315e8ba0324a3c0ab168a949f3"}
,"C:\\Users\\hmncube\\Documents\\code\\MyWeather\\App\\util\\GetHourTime.ts": {"path":"C:\\Users\\hmncube\\Documents\\code\\MyWeather\\App\\util\\GetHourTime.ts","statementMap":{"0":{"start":{"line":1,"column":20},"end":{"line":6,"column":1}},"1":{"start":{"line":2,"column":19},"end":{"line":2,"column":37}},"2":{"start":{"line":3,"column":19},"end":{"line":3,"column":41}},"3":{"start":{"line":4,"column":26},"end":{"line":4,"column":45}},"4":{"start":{"line":5,"column":2},"end":{"line":5,"column":72}}},"fnMap":{"0":{"name":"(anonymous_0)","decl":{"start":{"line":1,"column":20},"end":{"line":1,"column":21}},"loc":{"start":{"line":1,"column":38},"end":{"line":6,"column":1}},"line":1}},"branchMap":{},"s":{"0":1,"1":1,"2":1,"3":1,"4":1},"f":{"0":1},"b":{},"_coverageSchema":"1a1c01bbd47fc00a2c39e90264f33305004495a9","hash":"6b83908850badffc89f816afebd5ebf548024ddd"}
}
